Arguments: 
  /usr/local/bin/node /usr/bin/yarn add vue-druggable-next

PATH: 
  /home/subaha/.local/bin:/home/subaha/.local/bin:/home/subaha/.local/bin:/home/subaha/.cargo/bin:/home/subaha/.local/bin:/usr/local/bin:/usr/bin:/usr/local/sbin:/usr/bin/site_perl:/usr/bin/vendor_perl:/usr/bin/core_perl

Yarn version: 
  1.22.19

Node version: 
  16.14.2

Platform: 
  linux x64

Trace: 
  Error: https://registry.yarnpkg.com/vue-druggable-next: Not found
      at Request.params.callback [as _callback] (/usr/lib/node_modules/yarn/lib/cli.js:66145:18)
      at Request.self.callback (/usr/lib/node_modules/yarn/lib/cli.js:140890:22)
      at Request.emit (node:events:526:28)
      at Request.<anonymous> (/usr/lib/node_modules/yarn/lib/cli.js:141862:10)
      at Request.emit (node:events:526:28)
      at IncomingMessage.<anonymous> (/usr/lib/node_modules/yarn/lib/cli.js:141784:12)
      at Object.onceWrapper (node:events:645:28)
      at IncomingMessage.emit (node:events:538:35)
      at endReadableNT (node:internal/streams/readable:1345:12)
      at processTicksAndRejections (node:internal/process/task_queues:83:21)

npm manifest: 
  {
      "name": "qore-frontend",
      "version": "1.0.0",
      "description": "Qore FrontEnd application",
      "repository": "",
      "author": "",
      "license": "ISC",
      "homepage": "",
      "dependencies": {
          "@ckeditor/ckeditor5-build-balloon": "^33.0.0",
          "@ckeditor/ckeditor5-build-classic": "^33.0.0",
          "@ckeditor/ckeditor5-editor-classic": "^33.0.0",
          "@ckeditor/ckeditor5-vue": "^4.0.1",
          "@fortawesome/fontawesome-free": "^5.15.4",
          "@kinescope/vue-kinescope-player": "^1.0.0",
          "@popperjs/core": "^2.10.1",
          "@stomp/stompjs": "^5.4.4",
          "animate.css": "^4.1.1",
          "axios": "^0.19.2",
          "bootstrap": "^5.1.3",
          "cropperjs": "^1.5.12",
          "dropzone": "^5.9.2",
          "lodash-es": "^4.17.21",
          "mitt": "^3.0.0",
          "nouislider": "^15.5.1",
          "vue": "^3.2.37",
          "vue-monaco-cdn": "^2.0.3",
          "vue-pagination": "^0.3.3",
          "vue3-json-viewer": "^2.2.2",
          "vue3-treeselect": "^0.1.10"
      }
  }

yarn manifest: 
  No manifest

Lockfile: 
  # THIS IS AN AUTOGENERATED FILE. DO NOT EDIT THIS FILE DIRECTLY.
  # yarn lockfile v1
  
  
  "@babel/parser@^7.16.4":
    version "7.18.8"
    resolved "https://registry.yarnpkg.com/@babel/parser/-/parser-7.18.8.tgz#822146080ac9c62dac0823bb3489622e0bc1cbdf"
    integrity sha512-RSKRfYX20dyH+elbJK2uqAkVyucL+xXzhqlMD5/ZXx+dAAwpyB7HsvnHe/ZUGOF+xLr5Wx9/JoXVTj6BQE2/oA==
  
  "@ckeditor/ckeditor5-adapter-ckfinder@^33.0.0":
    version "33.0.0"
    resolved "https://registry.yarnpkg.com/@ckeditor/ckeditor5-adapter-ckfinder/-/ckeditor5-adapter-ckfinder-33.0.0.tgz#e10d4ad33f0ffdfe8be018e39da5febf8b7424c9"
    integrity sha512-q2VlCvPKeNJYrL0edLI39EzLv9stmTSvHKD4dvcRECp+JqlRC9SjX04dYNDCC+ZSyLjIy/3wOIqxmxvJILQ+7w==
    dependencies:
      ckeditor5 "^33.0.0"
  
  "@ckeditor/ckeditor5-autoformat@^33.0.0":
    version "33.0.0"
    resolved "https://registry.yarnpkg.com/@ckeditor/ckeditor5-autoformat/-/ckeditor5-autoformat-33.0.0.tgz#aa0d01d8a021a1ef3ec4d57cbd1d932bc02bce2c"
    integrity sha512-UnHPuA62uN2UfD+WwXLAZGV86EUQqxEUdAI7CXvcXBMz6S8P687aakHMs20p+iuxdcRLyN4slDdpumpVHr2D/g==
    dependencies:
      ckeditor5 "^33.0.0"
  
  "@ckeditor/ckeditor5-basic-styles@^33.0.0":
    version "33.0.0"
    resolved "https://registry.yarnpkg.com/@ckeditor/ckeditor5-basic-styles/-/ckeditor5-basic-styles-33.0.0.tgz#cff469c745921ffa6e108929e71619ff4adcc787"
    integrity sha512-cg8wlUelIPMOW7vDPQpYDcfN6XzR84u6HFyfCO+KnH0L5KerMm4qfA4bVZ+LksJWyxbu1plTvabq5inua2bUvw==
    dependencies:
      ckeditor5 "^33.0.0"
  
  "@ckeditor/ckeditor5-block-quote@^33.0.0":
    version "33.0.0"
    resolved "https://registry.yarnpkg.com/@ckeditor/ckeditor5-block-quote/-/ckeditor5-block-quote-33.0.0.tgz#6272da0bb21807cfbad3118e3a0c354da4de914c"
    integrity sha512-ACP+nNz7hOV/u3/dcdQsG2Hk2AG7UvjNLEU1k4X4dg0MxANqpmTyfYDmofV7mUZ5fllFI3uuLabg81eLHlv1Xw==
    dependencies:
      ckeditor5 "^33.0.0"
  
  "@ckeditor/ckeditor5-build-balloon@^33.0.0":
    version "33.0.0"
    resolved "https://registry.yarnpkg.com/@ckeditor/ckeditor5-build-balloon/-/ckeditor5-build-balloon-33.0.0.tgz#3ecedb6466aa43cec27ee4eafed93b8c608bce3b"
    integrity sha512-/c3hyiBgK/LmSCCBKhY/W270ytc4glrVdkSv5bL+zLi5rqErvaJ4y7Vt3u4dI5UrTGK4zeGz2TH4CqiSaODduA==
    dependencies:
      "@ckeditor/ckeditor5-adapter-ckfinder" "^33.0.0"
      "@ckeditor/ckeditor5-autoformat" "^33.0.0"
      "@ckeditor/ckeditor5-basic-styles" "^33.0.0"
      "@ckeditor/ckeditor5-block-quote" "^33.0.0"
      "@ckeditor/ckeditor5-ckfinder" "^33.0.0"
      "@ckeditor/ckeditor5-cloud-services" "^33.0.0"
      "@ckeditor/ckeditor5-easy-image" "^33.0.0"
      "@ckeditor/ckeditor5-editor-balloon" "^33.0.0"
      "@ckeditor/ckeditor5-essentials" "^33.0.0"
      "@ckeditor/ckeditor5-heading" "^33.0.0"
      "@ckeditor/ckeditor5-image" "^33.0.0"
      "@ckeditor/ckeditor5-indent" "^33.0.0"
      "@ckeditor/ckeditor5-link" "^33.0.0"
      "@ckeditor/ckeditor5-list" "^33.0.0"
      "@ckeditor/ckeditor5-media-embed" "^33.0.0"
      "@ckeditor/ckeditor5-paragraph" "^33.0.0"
      "@ckeditor/ckeditor5-paste-from-office" "^33.0.0"
      "@ckeditor/ckeditor5-table" "^33.0.0"
      "@ckeditor/ckeditor5-typing" "^33.0.0"
  
  "@ckeditor/ckeditor5-build-classic@^33.0.0":
    version "33.0.0"
    resolved "https://registry.yarnpkg.com/@ckeditor/ckeditor5-build-classic/-/ckeditor5-build-classic-33.0.0.tgz#2fba5c9f8b182c65cda71cfdd3397df95c23d07e"
    integrity sha512-OyWPhUwi44OzMefReKUKWk8joKnmLJPEcB+GpEeonsB11AjGNFJejQirsDBnp0oryLxpt2/zq9APyABFVs9oBA==
    dependencies:
      "@ckeditor/ckeditor5-adapter-ckfinder" "^33.0.0"
      "@ckeditor/ckeditor5-autoformat" "^33.0.0"
      "@ckeditor/ckeditor5-basic-styles" "^33.0.0"
      "@ckeditor/ckeditor5-block-quote" "^33.0.0"
      "@ckeditor/ckeditor5-ckfinder" "^33.0.0"
      "@ckeditor/ckeditor5-cloud-services" "^33.0.0"
      "@ckeditor/ckeditor5-easy-image" "^33.0.0"
      "@ckeditor/ckeditor5-editor-classic" "^33.0.0"
      "@ckeditor/ckeditor5-essentials" "^33.0.0"
      "@ckeditor/ckeditor5-heading" "^33.0.0"
      "@ckeditor/ckeditor5-image" "^33.0.0"
      "@ckeditor/ckeditor5-indent" "^33.0.0"
      "@ckeditor/ckeditor5-link" "^33.0.0"
      "@ckeditor/ckeditor5-list" "^33.0.0"
      "@ckeditor/ckeditor5-media-embed" "^33.0.0"
      "@ckeditor/ckeditor5-paragraph" "^33.0.0"
      "@ckeditor/ckeditor5-paste-from-office" "^33.0.0"
      "@ckeditor/ckeditor5-table" "^33.0.0"
      "@ckeditor/ckeditor5-typing" "^33.0.0"
  
  "@ckeditor/ckeditor5-ckfinder@^33.0.0":
    version "33.0.0"
    resolved "https://registry.yarnpkg.com/@ckeditor/ckeditor5-ckfinder/-/ckeditor5-ckfinder-33.0.0.tgz#d925707dac4e4ffb53f6a7bdf3016316771d35b5"
    integrity sha512-LkOIHZJWKz6P8OWt04okccSxV/8NR751q4g7dUDwxf/u+JuV7WlPURp0wy5s22sIJPZHSa/nitF9o5wd98bcnQ==
    dependencies:
      ckeditor5 "^33.0.0"
  
  "@ckeditor/ckeditor5-clipboard@^33.0.0":
    version "33.0.0"
    resolved "https://registry.yarnpkg.com/@ckeditor/ckeditor5-clipboard/-/ckeditor5-clipboard-33.0.0.tgz#86103e055202a748e5735f2b60a0060c3937a443"
    integrity sha512-/2DHhIm6/ubaB4veLJbJ24earj3en5z0orzLA0mPCTT4ATag7C0YZ9+cyQZYLBbxbjPmOdMmR7jiM8Yw84AdNQ==
    dependencies:
      "@ckeditor/ckeditor5-core" "^33.0.0"
      "@ckeditor/ckeditor5-engine" "^33.0.0"
      "@ckeditor/ckeditor5-utils" "^33.0.0"
      "@ckeditor/ckeditor5-widget" "^33.0.0"
      lodash-es "^4.17.11"
  
  "@ckeditor/ckeditor5-cloud-services@^33.0.0":
    version "33.0.0"
    resolved "https://registry.yarnpkg.com/@ckeditor/ckeditor5-cloud-services/-/ckeditor5-cloud-services-33.0.0.tgz#104c4fa371a7c86604266fab264a75b9a8b3e64c"
    integrity sha512-/Ohjy+UJE6m6dbx1XpFJ/ASU+o1a97FmiVU/fUD92Iywz1DFKzSb+xP8NcKpvez+P1OOOQDvhNwx/Gzclx51lw==
    dependencies:
      ckeditor5 "^33.0.0"
  
  "@ckeditor/ckeditor5-core@^33.0.0":
    version "33.0.0"
    resolved "https://registry.yarnpkg.com/@ckeditor/ckeditor5-core/-/ckeditor5-core-33.0.0.tgz#0960d9b975700c3df1037578e919e2c081d94935"
    integrity sha512-ciYryUdtckV/lGcmT9cTo5ZG12xpM8k1liMDCHs8tT/J8iq35JwSoiZGM3S9lhXLk7SB7hC2jd2JsugMoEzrFA==
    dependencies:
      "@ckeditor/ckeditor5-engine" "^33.0.0"
      "@ckeditor/ckeditor5-ui" "^33.0.0"
      "@ckeditor/ckeditor5-utils" "^33.0.0"
      lodash-es "^4.17.15"
  
  "@ckeditor/ckeditor5-easy-image@^33.0.0":
    version "33.0.0"
    resolved "https://registry.yarnpkg.com/@ckeditor/ckeditor5-easy-image/-/ckeditor5-easy-image-33.0.0.tgz#334290effe0ebdf2f306893d5840bc8cf9323983"
    integrity sha512-HMj+Psqt6vXj3B7Ki2Ch5BZD6I8I+j9PL40QZuF7fkmV/fzJjCRYhu7Byzxvu/ZgjASJzxn7omOwdA04+dXeqg==
    dependencies:
      ckeditor5 "^33.0.0"
  
  "@ckeditor/ckeditor5-editor-balloon@^33.0.0":
    version "33.0.0"
    resolved "https://registry.yarnpkg.com/@ckeditor/ckeditor5-editor-balloon/-/ckeditor5-editor-balloon-33.0.0.tgz#e28ea8b149e65877d277e455e0b43549a92bb75d"
    integrity sha512-wjqE1pKgvbpV806uHymMxAsc24Qbez08qk559IHbG1FyDQy8w37Ek0FaxiHKe6OgJLwnk31ai5hA440duAXPqA==
    dependencies:
      ckeditor5 "^33.0.0"
      lodash-es "^4.17.15"
  
  "@ckeditor/ckeditor5-editor-classic@^33.0.0":
    version "33.0.0"
    resolved "https://registry.yarnpkg.com/@ckeditor/ckeditor5-editor-classic/-/ckeditor5-editor-classic-33.0.0.tgz#20b15be497089d509a9f284944f2b67bb62df614"
    integrity sha512-3KYvy7+Gj11NVgBXpL3CqeqeWcIJQlIyc73ODpK2+q9bkBk/1M4w6ZX0e5g+Pv3Q2h4bgfitWfXkfJBXXIrAYw==
    dependencies:
      ckeditor5 "^33.0.0"
      lodash-es "^4.17.15"
  
  "@ckeditor/ckeditor5-engine@^33.0.0":
    version "33.0.0"
    resolved "https://registry.yarnpkg.com/@ckeditor/ckeditor5-engine/-/ckeditor5-engine-33.0.0.tgz#d68ac30ade1ea97eada5fa0f12f586dd378b9acf"
    integrity sha512-dZIcj8f80s+4RxJaWZWoxK2E8OHDFGi8FDayqNy65lJp97ks4O5QCYm5N3/RRwaHqFtX0MkiCX0uTAKU6mTXCg==
    dependencies:
      "@ckeditor/ckeditor5-utils" "^33.0.0"
      lodash-es "^4.17.15"
  
  "@ckeditor/ckeditor5-enter@^33.0.0":
    version "33.0.0"
    resolved "https://registry.yarnpkg.com/@ckeditor/ckeditor5-enter/-/ckeditor5-enter-33.0.0.tgz#283374671ff94ef58959a2d6814f0ed93897fbe7"
    integrity sha512-L7viqPLQ2vJBlCWGR8CJGfu1uuwyxMvwj+r3GeCkd3QV+E9PHAzrslc8V4WIyUk9DUcFuuZaF4iT7NZapmWmvg==
    dependencies:
      "@ckeditor/ckeditor5-core" "^33.0.0"
      "@ckeditor/ckeditor5-engine" "^33.0.0"
      "@ckeditor/ckeditor5-utils" "^33.0.0"
  
  "@ckeditor/ckeditor5-essentials@^33.0.0":
    version "33.0.0"
    resolved "https://registry.yarnpkg.com/@ckeditor/ckeditor5-essentials/-/ckeditor5-essentials-33.0.0.tgz#d83054207239cd61f143fc07e355368cb98e5d71"
    integrity sha512-KXvyQ5Z/AGD0iTTnP4GMfTWrIY0Sip6kes7uqqbGdrCL/fINzUPywRSkgB5c9LBFleX/H12x5Cyn1lhof9zdiw==
    dependencies:
      ckeditor5 "^33.0.0"
  
  "@ckeditor/ckeditor5-heading@^33.0.0":
    version "33.0.0"
    resolved "https://registry.yarnpkg.com/@ckeditor/ckeditor5-heading/-/ckeditor5-heading-33.0.0.tgz#892b8c2a8760070a63f44c00aeb94df99a3ceb02"
    integrity sha512-rYvl0uTN4FcSNU+X/PQXMeeCbfgHGXYqY5ZPfqmNYq3lrtnWDqaapoJiIh8ybeotQ8DDT3tCB+2drlhgKJwbkw==
    dependencies:
      ckeditor5 "^33.0.0"
  
  "@ckeditor/ckeditor5-image@^33.0.0":
    version "33.0.0"
    resolved "https://registry.yarnpkg.com/@ckeditor/ckeditor5-image/-/ckeditor5-image-33.0.0.tgz#8c02852ff8df56c23a0514c19907d69f2cd4c8d9"
    integrity sha512-Wal6j90JCspz1dvAjmDgNZj1UrqmDk54arXORn2deaVPCY5E7VSdaCPH4uSMT2Rppc6DQoidSxczXYnDkyCJxw==
    dependencies:
      "@ckeditor/ckeditor5-ui" "^33.0.0"
      ckeditor5 "^33.0.0"
      lodash-es "^4.17.15"
  
  "@ckeditor/ckeditor5-indent@^33.0.0":
    version "33.0.0"
    resolved "https://registry.yarnpkg.com/@ckeditor/ckeditor5-indent/-/ckeditor5-indent-33.0.0.tgz#4c98779a1e88eaa169b45be737f056458fd34fdd"
    integrity sha512-PmI86z61/3XxhHTnMwqvfKBtBvnL+9OTqZRfh6IxO5onnj6sUsky8SD6J54MTynObZ1hSqqzToRQWg79A85LuQ==
    dependencies:
      ckeditor5 "^33.0.0"
  
  "@ckeditor/ckeditor5-link@^33.0.0":
    version "33.0.0"
    resolved "https://registry.yarnpkg.com/@ckeditor/ckeditor5-link/-/ckeditor5-link-33.0.0.tgz#f6fd09c73557b0c75c00e62dfc0a55431ceca4b5"
    integrity sha512-KYejz6JuaKErtioN3/OkH31MBZen5g790FlBTvcSQUeCrajYJXfxXv6OaTNWgf4VM7pP8/NaRQ6MGICNn/imUw==
    dependencies:
      "@ckeditor/ckeditor5-ui" "^33.0.0"
      ckeditor5 "^33.0.0"
      lodash-es "^4.17.15"
  
  "@ckeditor/ckeditor5-list@^33.0.0":
    version "33.0.0"
    resolved "https://registry.yarnpkg.com/@ckeditor/ckeditor5-list/-/ckeditor5-list-33.0.0.tgz#0e3ee9875e088989c3cac9084749d65cee8fe3b0"
    integrity sha512-duBpQFwfntztoFOoiAaSJFHIMuOzyN8PnGqgZ/ackt8jP2x2+1dViE6tAuHQz2KRsPCSAcW7NQlFOkma9+yFdg==
    dependencies:
      "@ckeditor/ckeditor5-ui" "^33.0.0"
      ckeditor5 "^33.0.0"
  
  "@ckeditor/ckeditor5-media-embed@^33.0.0":
    version "33.0.0"
    resolved "https://registry.yarnpkg.com/@ckeditor/ckeditor5-media-embed/-/ckeditor5-media-embed-33.0.0.tgz#289f589e5bc7e54bead9d4a7b1c9f1b76a19198e"
    integrity sha512-gtIoQC/s4D7EsXYIawaLInTNX0H8RcUHSSRewO9F5C/LtVmkwhyMJ9H6DSPrPmhgOiDcJVfkQUaF5q8EPIt8Fw==
    dependencies:
      "@ckeditor/ckeditor5-ui" "^33.0.0"
      ckeditor5 "^33.0.0"
  
  "@ckeditor/ckeditor5-paragraph@^33.0.0":
    version "33.0.0"
    resolved "https://registry.yarnpkg.com/@ckeditor/ckeditor5-paragraph/-/ckeditor5-paragraph-33.0.0.tgz#f918011da8a2eb85a99bce126ee91aa16ab38c52"
    integrity sha512-uYCKWTWh/XmLKrcJB4FjW7F7aTW916U9nkpnzD5tWTOvh8Dl2MqpK9WpH+nCIi68suPVKjgYszAdNKOlUcF9oQ==
    dependencies:
      "@ckeditor/ckeditor5-core" "^33.0.0"
      "@ckeditor/ckeditor5-ui" "^33.0.0"
      "@ckeditor/ckeditor5-utils" "^33.0.0"
  
  "@ckeditor/ckeditor5-paste-from-office@^33.0.0":
    version "33.0.0"
    resolved "https://registry.yarnpkg.com/@ckeditor/ckeditor5-paste-from-office/-/ckeditor5-paste-from-office-33.0.0.tgz#0bcf20b2bf0b04d507bdf17a6e0266aabebbf80a"
    integrity sha512-URUmnydab7IGogPNN5kXa8uVuHgqaIcXzbAW+UC0U7zFuwZymArnwk4g6aybfaDdMdYGbhzX2O+qrg9bXu06XA==
    dependencies:
      ckeditor5 "^33.0.0"
  
  "@ckeditor/ckeditor5-select-all@^33.0.0":
    version "33.0.0"
    resolved "https://registry.yarnpkg.com/@ckeditor/ckeditor5-select-all/-/ckeditor5-select-all-33.0.0.tgz#88f7d2bcf008bd29d7f1f5cc8d6cc7a1c432bfb0"
    integrity sha512-Srdp1vQtl3G0f7jgxerO+6oWuqcOs8zNtCKPgVAZICI3WJZZpC5QU4R7ouB2ESKhCL2nkRLMUB7j1+15mPj6Jg==
    dependencies:
      "@ckeditor/ckeditor5-core" "^33.0.0"
      "@ckeditor/ckeditor5-ui" "^33.0.0"
      "@ckeditor/ckeditor5-utils" "^33.0.0"
  
  "@ckeditor/ckeditor5-table@^33.0.0":
    version "33.0.0"
    resolved "https://registry.yarnpkg.com/@ckeditor/ckeditor5-table/-/ckeditor5-table-33.0.0.tgz#40e01ca779840c40dde2f40c6086799679260fad"
    integrity sha512-sg7f0Yh9ax2oYT8YcnE4ZnI6L/oiGsfQPZQtSRiHA+whJUPf7DEAUr5bB/6CN7c/EmYM4LAixZUfp6kUnZuCsw==
    dependencies:
      ckeditor5 "^33.0.0"
      lodash-es "^4.17.15"
  
  "@ckeditor/ckeditor5-typing@^33.0.0":
    version "33.0.0"
    resolved "https://registry.yarnpkg.com/@ckeditor/ckeditor5-typing/-/ckeditor5-typing-33.0.0.tgz#2c769bdbc7e2070b4b6bc64853dc019d77c68b91"
    integrity sha512-OxRoGe1+KmvK5toG5b5HS2G1So/tdAtxzY2jQR5Zmi6XkpPHx1vNBUHfPP9eB5d6qcxKpp/EjjLkk0q4EN2b+A==
    dependencies:
      "@ckeditor/ckeditor5-core" "^33.0.0"
      "@ckeditor/ckeditor5-engine" "^33.0.0"
      "@ckeditor/ckeditor5-utils" "^33.0.0"
      lodash-es "^4.17.15"
  
  "@ckeditor/ckeditor5-ui@^33.0.0":
    version "33.0.0"
    resolved "https://registry.yarnpkg.com/@ckeditor/ckeditor5-ui/-/ckeditor5-ui-33.0.0.tgz#a7f815fcaecfec389a6a39142b607008870a65e8"
    integrity sha512-T/H28BpORjciUb8EaYIdkWbDx9jsKqhQmIkx1huEpoMi0HNQcfwqyHEOlfLFZGAupEXLIlO7zmTCxGYbpCmVsQ==
    dependencies:
      "@ckeditor/ckeditor5-core" "^33.0.0"
      "@ckeditor/ckeditor5-utils" "^33.0.0"
      lodash-es "^4.17.15"
  
  "@ckeditor/ckeditor5-undo@^33.0.0":
    version "33.0.0"
    resolved "https://registry.yarnpkg.com/@ckeditor/ckeditor5-undo/-/ckeditor5-undo-33.0.0.tgz#759e2d8a7311242aa2e9f883f26765c9eb1ee3ff"
    integrity sha512-GvM5OAHMhnO/RYFNAKykrjAEPaPk7RWachp50Fl5P8IE37fmnf2pLAfSJFhr+Al2FzOGzsx7SNc308DnOOiXDQ==
    dependencies:
      "@ckeditor/ckeditor5-core" "^33.0.0"
      "@ckeditor/ckeditor5-engine" "^33.0.0"
      "@ckeditor/ckeditor5-ui" "^33.0.0"
  
  "@ckeditor/ckeditor5-upload@^33.0.0":
    version "33.0.0"
    resolved "https://registry.yarnpkg.com/@ckeditor/ckeditor5-upload/-/ckeditor5-upload-33.0.0.tgz#45a90142969bf2f47e9ec8c952d09a59304066dd"
    integrity sha512-Bhp7fh8k7UVc82uyjTPy64T180FgV7S1vngjVFAT2hj2JXDyy+PgEU5pFpVSc5OaMovk0w2NC3bNv7aYiSIr7g==
    dependencies:
      "@ckeditor/ckeditor5-core" "^33.0.0"
      "@ckeditor/ckeditor5-ui" "^33.0.0"
      "@ckeditor/ckeditor5-utils" "^33.0.0"
  
  "@ckeditor/ckeditor5-utils@^33.0.0":
    version "33.0.0"
    resolved "https://registry.yarnpkg.com/@ckeditor/ckeditor5-utils/-/ckeditor5-utils-33.0.0.tgz#ff7e46d86cdc1c63d0473e6091f8c1ef7fac1028"
    integrity sha512-6XEv4CPUI86Rmk49BxPe+GoUzVUxJAykKOhhKTRcAa6JfKsFuop/j7rqlGCd87X3rxE3/lpzoamQs5D0WKMW6w==
    dependencies:
      lodash-es "^4.17.15"
  
  "@ckeditor/ckeditor5-vue@^4.0.1":
    version "4.0.1"
    resolved "https://registry.yarnpkg.com/@ckeditor/ckeditor5-vue/-/ckeditor5-vue-4.0.1.tgz#1c619162bcef3922c0b02c05a0908ee48f449a23"
    integrity sha512-QjlQYY0DVqpk+Oj3aDxtcgknet6xquGwjdGLVxgJh6hP+IOpcHldk0BQgMNPiF4T5Ojj37N55IEkaHdQcCLQlA==
  
  "@ckeditor/ckeditor5-widget@^33.0.0":
    version "33.0.0"
    resolved "https://registry.yarnpkg.com/@ckeditor/ckeditor5-widget/-/ckeditor5-widget-33.0.0.tgz#8759b021ef9b3a8df4c8c7d7411c17d2c42f5928"
    integrity sha512-4GFsYQ5UQlQm46nTyQTp8RLZbSlRZ2DV/sgG3ZcC8f1Ar7CSDo1evJ5cE9XZCdi26S7QCIjRbYE4YDGgUV0Trw==
    dependencies:
      "@ckeditor/ckeditor5-core" "^33.0.0"
      "@ckeditor/ckeditor5-engine" "^33.0.0"
      "@ckeditor/ckeditor5-enter" "^33.0.0"
      "@ckeditor/ckeditor5-typing" "^33.0.0"
      "@ckeditor/ckeditor5-ui" "^33.0.0"
      "@ckeditor/ckeditor5-utils" "^33.0.0"
      lodash-es "^4.17.15"
  
  "@fortawesome/fontawesome-free@^5.15.4":
    version "5.15.4"
    resolved "https://registry.yarnpkg.com/@fortawesome/fontawesome-free/-/fontawesome-free-5.15.4.tgz#ecda5712b61ac852c760d8b3c79c96adca5554e5"
    integrity sha512-eYm8vijH/hpzr/6/1CJ/V/Eb1xQFW2nnUKArb3z+yUWv7HTwj6M7SP957oMjfZjAHU6qpoNc2wQvIxBLWYa/Jg==
  
  "@kinescope/vue-kinescope-player@^1.0.0":
    version "1.0.2"
    resolved "https://registry.yarnpkg.com/@kinescope/vue-kinescope-player/-/vue-kinescope-player-1.0.2.tgz#c5bb78af6b383eb0c463f9243da0a2c638e64be2"
    integrity sha512-fSnncHtZmoo+pa38OAChbS0HBFvI69BFWBRQnSQfu+w1JKXAvR3Bf1pzim+S6ckVXjdZYyxbYGFfYWK1u+ebMw==
  
  "@popperjs/core@^2.10.1":
    version "2.11.5"
    resolved "https://registry.yarnpkg.com/@popperjs/core/-/core-2.11.5.tgz#db5a11bf66bdab39569719555b0f76e138d7bd64"
    integrity sha512-9X2obfABZuDVLCgPK9aX0a/x4jaOEweTTWE2+9sr0Qqqevj2Uv5XorvusThmc9XGYpS9yI+fhh8RTafBtGposw==
  
  "@stomp/stompjs@^5.4.4":
    version "5.4.4"
    resolved "https://registry.yarnpkg.com/@stomp/stompjs/-/stompjs-5.4.4.tgz#f51d2edf9a00fac645dde3a494738d96ca17e5aa"
    integrity sha512-RIzQ7MLRSJLUpTHcje1ZclnHH982amJSKC9bDxGO0wyu5OF9ROuuiLf7TxKxo1zUu7lGEYNedg9SEi87uMWDqg==
  
  "@vue/compiler-core@3.2.37":
    version "3.2.37"
    resolved "https://registry.yarnpkg.com/@vue/compiler-core/-/compiler-core-3.2.37.tgz#b3c42e04c0e0f2c496ff1784e543fbefe91e215a"
    integrity sha512-81KhEjo7YAOh0vQJoSmAD68wLfYqJvoiD4ulyedzF+OEk/bk6/hx3fTNVfuzugIIaTrOx4PGx6pAiBRe5e9Zmg==
    dependencies:
      "@babel/parser" "^7.16.4"
      "@vue/shared" "3.2.37"
      estree-walker "^2.0.2"
      source-map "^0.6.1"
  
  "@vue/compiler-dom@3.2.37":
    version "3.2.37"
    resolved "https://registry.yarnpkg.com/@vue/compiler-dom/-/compiler-dom-3.2.37.tgz#10d2427a789e7c707c872da9d678c82a0c6582b5"
    integrity sha512-yxJLH167fucHKxaqXpYk7x8z7mMEnXOw3G2q62FTkmsvNxu4FQSu5+3UMb+L7fjKa26DEzhrmCxAgFLLIzVfqQ==
    dependencies:
      "@vue/compiler-core" "3.2.37"
      "@vue/shared" "3.2.37"
  
  "@vue/compiler-sfc@3.2.37":
    version "3.2.37"
    resolved "https://registry.yarnpkg.com/@vue/compiler-sfc/-/compiler-sfc-3.2.37.tgz#3103af3da2f40286edcd85ea495dcb35bc7f5ff4"
    integrity sha512-+7i/2+9LYlpqDv+KTtWhOZH+pa8/HnX/905MdVmAcI/mPQOBwkHHIzrsEsucyOIZQYMkXUiTkmZq5am/NyXKkg==
    dependencies:
      "@babel/parser" "^7.16.4"
      "@vue/compiler-core" "3.2.37"
      "@vue/compiler-dom" "3.2.37"
      "@vue/compiler-ssr" "3.2.37"
      "@vue/reactivity-transform" "3.2.37"
      "@vue/shared" "3.2.37"
      estree-walker "^2.0.2"
      magic-string "^0.25.7"
      postcss "^8.1.10"
      source-map "^0.6.1"
  
  "@vue/compiler-ssr@3.2.37":
    version "3.2.37"
    resolved "https://registry.yarnpkg.com/@vue/compiler-ssr/-/compiler-ssr-3.2.37.tgz#4899d19f3a5fafd61524a9d1aee8eb0505313cff"
    integrity sha512-7mQJD7HdXxQjktmsWp/J67lThEIcxLemz1Vb5I6rYJHR5vI+lON3nPGOH3ubmbvYGt8xEUaAr1j7/tIFWiEOqw==
    dependencies:
      "@vue/compiler-dom" "3.2.37"
      "@vue/shared" "3.2.37"
  
  "@vue/reactivity-transform@3.2.37":
    version "3.2.37"
    resolved "https://registry.yarnpkg.com/@vue/reactivity-transform/-/reactivity-transform-3.2.37.tgz#0caa47c4344df4ae59f5a05dde2a8758829f8eca"
    integrity sha512-IWopkKEb+8qpu/1eMKVeXrK0NLw9HicGviJzhJDEyfxTR9e1WtpnnbYkJWurX6WwoFP0sz10xQg8yL8lgskAZg==
    dependencies:
      "@babel/parser" "^7.16.4"
      "@vue/compiler-core" "3.2.37"
      "@vue/shared" "3.2.37"
      estree-walker "^2.0.2"
      magic-string "^0.25.7"
  
  "@vue/reactivity@3.2.37":
    version "3.2.37"
    resolved "https://registry.yarnpkg.com/@vue/reactivity/-/reactivity-3.2.37.tgz#5bc3847ac58828e2b78526e08219e0a1089f8848"
    integrity sha512-/7WRafBOshOc6m3F7plwzPeCu/RCVv9uMpOwa/5PiY1Zz+WLVRWiy0MYKwmg19KBdGtFWsmZ4cD+LOdVPcs52A==
    dependencies:
      "@vue/shared" "3.2.37"
  
  "@vue/runtime-core@3.2.37":
    version "3.2.37"
    resolved "https://registry.yarnpkg.com/@vue/runtime-core/-/runtime-core-3.2.37.tgz#7ba7c54bb56e5d70edfc2f05766e1ca8519966e3"
    integrity sha512-JPcd9kFyEdXLl/i0ClS7lwgcs0QpUAWj+SKX2ZC3ANKi1U4DOtiEr6cRqFXsPwY5u1L9fAjkinIdB8Rz3FoYNQ==
    dependencies:
      "@vue/reactivity" "3.2.37"
      "@vue/shared" "3.2.37"
  
  "@vue/runtime-dom@3.2.37":
    version "3.2.37"
    resolved "https://registry.yarnpkg.com/@vue/runtime-dom/-/runtime-dom-3.2.37.tgz#002bdc8228fa63949317756fb1e92cdd3f9f4bbd"
    integrity sha512-HimKdh9BepShW6YozwRKAYjYQWg9mQn63RGEiSswMbW+ssIht1MILYlVGkAGGQbkhSh31PCdoUcfiu4apXJoPw==
    dependencies:
      "@vue/runtime-core" "3.2.37"
      "@vue/shared" "3.2.37"
      csstype "^2.6.8"
  
  "@vue/server-renderer@3.2.37":
    version "3.2.37"
    resolved "https://registry.yarnpkg.com/@vue/server-renderer/-/server-renderer-3.2.37.tgz#840a29c8dcc29bddd9b5f5ffa22b95c0e72afdfc"
    integrity sha512-kLITEJvaYgZQ2h47hIzPh2K3jG8c1zCVbp/o/bzQOyvzaKiCquKS7AaioPI28GNxIsE/zSx+EwWYsNxDCX95MA==
    dependencies:
      "@vue/compiler-ssr" "3.2.37"
      "@vue/shared" "3.2.37"
  
  "@vue/shared@3.2.37":
    version "3.2.37"
    resolved "https://registry.yarnpkg.com/@vue/shared/-/shared-3.2.37.tgz#8e6adc3f2759af52f0e85863dfb0b711ecc5c702"
    integrity sha512-4rSJemR2NQIo9Klm1vabqWjD8rs/ZaJSzMxkMNeJS6lHiUjjUeYFbooN19NgFjztubEKh3WlZUeOLVdbbUWHsw==
  
  animate.css@^4.1.1:
    version "4.1.1"
    resolved "https://registry.yarnpkg.com/animate.css/-/animate.css-4.1.1.tgz#614ec5a81131d7e4dc362a58143f7406abd68075"
    integrity sha512-+mRmCTv6SbCmtYJCN4faJMNFVNN5EuCTTprDTAo7YzIGji2KADmakjVA3+8mVDkZ2Bf09vayB35lSQIex2+QaQ==
  
  axios@^0.19.2:
    version "0.19.2"
    resolved "https://registry.yarnpkg.com/axios/-/axios-0.19.2.tgz#3ea36c5d8818d0d5f8a8a97a6d36b86cdc00cb27"
    integrity sha512-fjgm5MvRHLhx+osE2xoekY70AhARk3a6hkN+3Io1jc00jtquGvxYlKlsFUhmUET0V5te6CcZI7lcv2Ym61mjHA==
    dependencies:
      follow-redirects "1.5.10"
  
  bootstrap@^5.1.3:
    version "5.1.3"
    resolved "https://registry.yarnpkg.com/bootstrap/-/bootstrap-5.1.3.tgz#ba081b0c130f810fa70900acbc1c6d3c28fa8f34"
    integrity sha512-fcQztozJ8jToQWXxVuEyXWW+dSo8AiXWKwiSSrKWsRB/Qt+Ewwza+JWoLKiTuQLaEPhdNAJ7+Dosc9DOIqNy7Q==
  
  ckeditor5@^33.0.0:
    version "33.0.0"
    resolved "https://registry.yarnpkg.com/ckeditor5/-/ckeditor5-33.0.0.tgz#7ad707f1be611c6fafa30d67abf9d3f1706d4524"
    integrity sha512-KW1NkNFHEch8SsaUE3Gc1NcBETd4qYHuMsTHFkfQWRYKIBqu1kH5csZbERG3RW93K0EzBYZJqyxWMjJzBmK9ZA==
    dependencies:
      "@ckeditor/ckeditor5-clipboard" "^33.0.0"
      "@ckeditor/ckeditor5-core" "^33.0.0"
      "@ckeditor/ckeditor5-engine" "^33.0.0"
      "@ckeditor/ckeditor5-enter" "^33.0.0"
      "@ckeditor/ckeditor5-paragraph" "^33.0.0"
      "@ckeditor/ckeditor5-select-all" "^33.0.0"
      "@ckeditor/ckeditor5-typing" "^33.0.0"
      "@ckeditor/ckeditor5-ui" "^33.0.0"
      "@ckeditor/ckeditor5-undo" "^33.0.0"
      "@ckeditor/ckeditor5-upload" "^33.0.0"
      "@ckeditor/ckeditor5-utils" "^33.0.0"
      "@ckeditor/ckeditor5-widget" "^33.0.0"
  
  clipboard@^2.0.10:
    version "2.0.11"
    resolved "https://registry.yarnpkg.com/clipboard/-/clipboard-2.0.11.tgz#62180360b97dd668b6b3a84ec226975762a70be5"
    integrity sha512-C+0bbOqkezLIsmWSvlsXS0Q0bmkugu7jcfMIACB+RDEntIzQIkdr148we28AfSloQLRdZlYL/QYyrq05j/3Faw==
    dependencies:
      good-listener "^1.2.2"
      select "^1.1.2"
      tiny-emitter "^2.0.0"
  
  cropperjs@^1.5.12:
    version "1.5.12"
    resolved "https://registry.yarnpkg.com/cropperjs/-/cropperjs-1.5.12.tgz#d9c0db2bfb8c0d769d51739e8f916bbc44e10f50"
    integrity sha512-re7UdjE5UnwdrovyhNzZ6gathI4Rs3KGCBSc8HCIjUo5hO42CtzyblmWLj6QWVw7huHyDMfpKxhiO2II77nhDw==
  
  csstype@^2.6.8:
    version "2.6.20"
    resolved "https://registry.yarnpkg.com/csstype/-/csstype-2.6.20.tgz#9229c65ea0b260cf4d3d997cb06288e36a8d6dda"
    integrity sha512-/WwNkdXfckNgw6S5R125rrW8ez139lBHWouiBvX8dfMFtcn6V81REDqnH7+CRpRipfYlyU1CmOnOxrmGcFOjeA==
  
  debug@=3.1.0:
    version "3.1.0"
    resolved "https://registry.yarnpkg.com/debug/-/debug-3.1.0.tgz#5bb5a0672628b64149566ba16819e61518c67261"
    integrity sha512-OX8XqP7/1a9cqkxYw2yXss15f26NKWBpDXQd0/uK/KPqdQhxbPa994hnzjcE2VqQpDslf55723cKPUOGSmMY3g==
    dependencies:
      ms "2.0.0"
  
  delegate@^3.1.2:
    version "3.2.0"
    resolved "https://registry.yarnpkg.com/delegate/-/delegate-3.2.0.tgz#b66b71c3158522e8ab5744f720d8ca0c2af59166"
    integrity sha512-IofjkYBZaZivn0V8nnsMJGBr4jVLxHDheKSW88PyxS5QC4Vo9ZbZVvhzlSxY87fVq3STR6r+4cGepyHkcWOQSw==
  
  dropzone@^5.9.2:
    version "5.9.3"
    resolved "https://registry.yarnpkg.com/dropzone/-/dropzone-5.9.3.tgz#b3070ae090fa48cbc04c17535635537ca72d70d6"
    integrity sha512-Azk8kD/2/nJIuVPK+zQ9sjKMRIpRvNyqn9XwbBHNq+iNuSccbJS6hwm1Woy0pMST0erSo0u4j+KJaodndDk4vA==
  
  estree-walker@^2.0.2:
    version "2.0.2"
    resolved "https://registry.yarnpkg.com/estree-walker/-/estree-walker-2.0.2.tgz#52f010178c2a4c117a7757cfe942adb7d2da4cac"
    integrity sha512-Rfkk/Mp/DL7JVje3u18FxFujQlTNR2q6QfMSMB7AvCBx91NGj/ba3kCfza0f6dVDbw7YlRf/nDrn7pQrCCyQ/w==
  
  follow-redirects@1.5.10:
    version "1.5.10"
    resolved "https://registry.yarnpkg.com/follow-redirects/-/follow-redirects-1.5.10.tgz#7b7a9f9aea2fdff36786a94ff643ed07f4ff5e2a"
    integrity sha512-0V5l4Cizzvqt5D44aTXbFZz+FtyXV1vrDN6qrelxtfYQKW0KO0W2T/hkE8xvGa/540LkZlkaUjO4ailYTFtHVQ==
    dependencies:
      debug "=3.1.0"
  
  good-listener@^1.2.2:
    version "1.2.2"
    resolved "https://registry.yarnpkg.com/good-listener/-/good-listener-1.2.2.tgz#d53b30cdf9313dffb7dc9a0d477096aa6d145c50"
    integrity sha512-goW1b+d9q/HIwbVYZzZ6SsTr4IgE+WA44A0GmPIQstuOrgsFcT7VEJ48nmr9GaRtNu0XTKacFLGnBPAM6Afouw==
    dependencies:
      delegate "^3.1.2"
  
  lodash-es@^4.17.11, lodash-es@^4.17.15, lodash-es@^4.17.21:
    version "4.17.21"
    resolved "https://registry.yarnpkg.com/lodash-es/-/lodash-es-4.17.21.tgz#43e626c46e6591b7750beb2b50117390c609e3ee"
    integrity sha512-mKnC+QJ9pWVzv+C4/U3rRsHapFfHvQFoFB92e52xeyGMcX6/OlIl78je1u8vePzYZSkkogMPJ2yjxxsb89cxyw==
  
  magic-string@^0.25.7:
    version "0.25.9"
    resolved "https://registry.yarnpkg.com/magic-string/-/magic-string-0.25.9.tgz#de7f9faf91ef8a1c91d02c2e5314c8277dbcdd1c"
    integrity sha512-RmF0AsMzgt25qzqqLc1+MbHmhdx0ojF2Fvs4XnOqz2ZOBXzzkEwc/dJQZCYHAn7v1jbVOjAZfK8msRn4BxO4VQ==
    dependencies:
      sourcemap-codec "^1.4.8"
  
  mitt@^3.0.0:
    version "3.0.0"
    resolved "https://registry.yarnpkg.com/mitt/-/mitt-3.0.0.tgz#69ef9bd5c80ff6f57473e8d89326d01c414be0bd"
    integrity sha512-7dX2/10ITVyqh4aOSVI9gdape+t9l2/8QxHrFmUXu4EEUpdlxl6RudZUPZoc+zuY2hk1j7XxVroIVIan/pD/SQ==
  
  ms@2.0.0:
    version "2.0.0"
    resolved "https://registry.yarnpkg.com/ms/-/ms-2.0.0.tgz#5608aeadfc00be6c2901df5f9861788de0d597c8"
    integrity sha512-Tpp60P6IUJDTuOq/5Z8cdskzJujfwqfOTkrwIwj7IRISpnkJnT6SyJ4PCPnGMoFjC9ddhal5KVIYtAt97ix05A==
  
  nanoid@^3.3.4:
    version "3.3.4"
    resolved "https://registry.yarnpkg.com/nanoid/-/nanoid-3.3.4.tgz#730b67e3cd09e2deacf03c027c81c9d9dbc5e8ab"
    integrity sha512-MqBkQh/OHTS2egovRtLk45wEyNXwF+cokD+1YPf9u5VfJiRdAiRwB2froX5Co9Rh20xs4siNPm8naNotSD6RBw==
  
  nouislider@^15.5.1:
    version "15.6.0"
    resolved "https://registry.yarnpkg.com/nouislider/-/nouislider-15.6.0.tgz#706b37b8cd485037353dcdb8bb387f9d2704c37c"
    integrity sha512-YJg+A6RQXTuFqhEwd42FeRaEGMGgDSSNnpIyVtT8XJrNl4VBEUkPI6Yj91bT3JjJIvNYi4VdppWeCV+z2gOnnw==
  
  picocolors@^1.0.0:
    version "1.0.0"
    resolved "https://registry.yarnpkg.com/picocolors/-/picocolors-1.0.0.tgz#cb5bdc74ff3f51892236eaf79d68bc44564ab81c"
    integrity sha512-1fygroTLlHu66zi26VoTDv8yRgm0Fccecssto+MhsZ0D/DGW2sm8E8AjW7NU5VVTRt5GxbeZ5qBuJr+HyLYkjQ==
  
  postcss@^8.1.10:
    version "8.4.14"
    resolved "https://registry.yarnpkg.com/postcss/-/postcss-8.4.14.tgz#ee9274d5622b4858c1007a74d76e42e56fd21caf"
    integrity sha512-E398TUmfAYFPBSdzgeieK2Y1+1cpdxJx8yXbK/m57nRhKSmk1GB2tO4lbLBtlkfPQTDKfe4Xqv1ASWPpayPEig==
    dependencies:
      nanoid "^3.3.4"
      picocolors "^1.0.0"
      source-map-js "^1.0.2"
  
  select@^1.1.2:
    version "1.1.2"
    resolved "https://registry.yarnpkg.com/select/-/select-1.1.2.tgz#0e7350acdec80b1108528786ec1d4418d11b396d"
    integrity sha512-OwpTSOfy6xSs1+pwcNrv0RBMOzI39Lp3qQKUTPVVPRjCdNa5JH/oPRiqsesIskK8TVgmRiHwO4KXlV2Li9dANA==
  
  source-map-js@^1.0.2:
    version "1.0.2"
    resolved "https://registry.yarnpkg.com/source-map-js/-/source-map-js-1.0.2.tgz#adbc361d9c62df380125e7f161f71c826f1e490c"
    integrity sha512-R0XvVJ9WusLiqTCEiGCmICCMplcCkIwwR11mOSD9CR5u+IXYdiseeEuXCVAjS54zqwkLcPNnmU4OeJ6tUrWhDw==
  
  source-map@^0.6.1:
    version "0.6.1"
    resolved "https://registry.yarnpkg.com/source-map/-/source-map-0.6.1.tgz#74722af32e9614e9c287a8d0bbde48b5e2f1a263"
    integrity sha512-UjgapumWlbMhkBgzT7Ykc5YXUT46F0iKu8SGXq0bcwP5dz/h0Plj6enJqjz1Zbq2l5WaqYnrVbwWOWMyF3F47g==
  
  sourcemap-codec@^1.4.8:
    version "1.4.8"
    resolved "https://registry.yarnpkg.com/sourcemap-codec/-/sourcemap-codec-1.4.8.tgz#ea804bd94857402e6992d05a38ef1ae35a9ab4c4"
    integrity sha512-9NykojV5Uih4lgo5So5dtw+f0JgJX30KCNI8gwhz2J9A15wD0Ml6tjHKwf6fTSa6fAdVBdZeNOs9eJ71qCk8vA==
  
  tiny-emitter@^2.0.0:
    version "2.1.0"
    resolved "https://registry.yarnpkg.com/tiny-emitter/-/tiny-emitter-2.1.0.tgz#1d1a56edfc51c43e863cbb5382a72330e3555423"
    integrity sha512-NB6Dk1A9xgQPMoGqC5CVXn123gWyte215ONT5Pp5a0yt4nlEoO1ZWeCwpncaekPHXO60i47ihFnZPiRPjRMq4Q==
  
  vue-monaco-cdn@^2.0.3:
    version "2.0.3"
    resolved "https://registry.yarnpkg.com/vue-monaco-cdn/-/vue-monaco-cdn-2.0.3.tgz#f3f30326d9e413ab42f9cda66ed2aafc89994f73"
    integrity sha512-ziuuZHTt4nek3ko0/HdRmbQ6Xc5Dp4QA9rKaqSy5FX1T1mcdewRzAYfWwieLDJ+MW21n5eptjKd8LrUiWJD7/Q==
    dependencies:
      vue "^3.0.0"
  
  vue-pagination@^0.3.3:
    version "0.3.3"
    resolved "https://registry.yarnpkg.com/vue-pagination/-/vue-pagination-0.3.3.tgz#ebe83af5a3236bfd63a2337d8d5055575a17e91d"
    integrity sha512-OPOphsnjOJUCuMYh27QlbueWtyU7SvcLY1ocDO946TsEcIdK0PcOYfb23xHgz29lsM/z+mUZ49wCAPf1Ar2wLA==
  
  vue3-json-viewer@^2.2.2:
    version "2.2.2"
    resolved "https://registry.yarnpkg.com/vue3-json-viewer/-/vue3-json-viewer-2.2.2.tgz#43a512f378c602bb6b7f2a72adeaf7d15b443885"
    integrity sha512-56l3XDGggnpwEqZieXsSMhNT4NhtO6d7zuSAxHo4i0UVxymyY2jRb7UMQOU1ztChKALZCAzX7DlgrsnEhxu77A==
    dependencies:
      clipboard "^2.0.10"
  
  vue3-treeselect@^0.1.10:
    version "0.1.10"
    resolved "https://registry.yarnpkg.com/vue3-treeselect/-/vue3-treeselect-0.1.10.tgz#d464ac780a55bc0357f49a345851a32705ba7111"
    integrity sha512-QawdAbzmlZ7T3uBdSU4FRnrnmcV0Q9Jrph5hUBQJcXmM9OZ8lULQo7O7YbKxkOyuDX9Yx2rGjs6L5FKcL1FeXA==
  
  vue@^3.0.0, vue@^3.2.37:
    version "3.2.37"
    resolved "https://registry.yarnpkg.com/vue/-/vue-3.2.37.tgz#da220ccb618d78579d25b06c7c21498ca4e5452e"
    integrity sha512-bOKEZxrm8Eh+fveCqS1/NkG/n6aMidsI6hahas7pa0w/l7jkbssJVsRhVDs07IdDq7h9KHswZOgItnwJAgtVtQ==
    dependencies:
      "@vue/compiler-dom" "3.2.37"
      "@vue/compiler-sfc" "3.2.37"
      "@vue/runtime-dom" "3.2.37"
      "@vue/server-renderer" "3.2.37"
      "@vue/shared" "3.2.37"
